<?xml version="1.0" encoding="UTF-8"?>
<!-- Generated by org.testng.reporters.JUnitReportReporter -->
<testsuite hostname="htsr-spare-7480-WVF2" failures="0" tests="4" name="api.test.UserTests2" time="6.825" errors="0" timestamp="2024-06-04T12:16:03 MST" skipped="0">
  <testcase classname="api.test.UserTests2" name="testPostUser" time="4.979"/>
  <system-out/>
  <testcase classname="api.test.UserTests2" name="testGetUserByName" time="0.507"/>
  <system-out/>
  <testcase classname="api.test.UserTests2" name="testUpdateUserByName" time="0.827"/>
  <system-out/>
  <testcase classname="api.test.UserTests2" name="testDeleteUserByName" time="0.512"/>
  <system-out/>
</testsuite> <!-- api.test.UserTests2 -->
