<?xml version="1.0" encoding="UTF-8"?>
<!-- Generated by org.testng.reporters.JUnitReportReporter -->
<testsuite hostname="htsr-spare-7480-WVF2" failures="0" tests="4" name="api.test.UserTests" time="4.826" errors="0" timestamp="2024-06-03T15:01:41 MST" skipped="0">
  <testcase classname="api.test.UserTests" name="testPostUser" time="3.222"/>
  <system-out/>
  <testcase classname="api.test.UserTests" name="testGetUserByName" time="0.439"/>
  <system-out/>
  <testcase classname="api.test.UserTests" name="testUpdateUserByName" time="0.811"/>
  <system-out/>
  <testcase classname="api.test.UserTests" name="testDeleteUserByName" time="0.354"/>
  <system-out/>
</testsuite> <!-- api.test.UserTests -->
