<?xml version="1.0" encoding="UTF-8"?>
<!-- Generated by org.testng.reporters.JUnitReportReporter -->
<testsuite hostname="htsr-spare-7480-WVF2" failures="0" tests="6" name="api.test.DDTests" time="2.307" errors="0" timestamp="2024-06-03T15:01:41 MST" skipped="0">
  <testcase classname="api.test.DDTests" name="testPostUser" time="0.385"/>
  <system-out/>
  <testcase classname="api.test.DDTests" name="testPostUser" time="0.403"/>
  <system-out/>
  <testcase classname="api.test.DDTests" name="testPostUser" time="0.385"/>
  <system-out/>
  <testcase classname="api.test.DDTests" name="testDeleteUser" time="0.374"/>
  <system-out/>
  <testcase classname="api.test.DDTests" name="testDeleteUser" time="0.369"/>
  <system-out/>
  <testcase classname="api.test.DDTests" name="testDeleteUser" time="0.391"/>
  <system-out/>
</testsuite> <!-- api.test.DDTests -->
