<?xml version="1.0" encoding="UTF-8"?>
<!-- Generated by org.testng.reporters.JUnitReportReporter -->
<testsuite hostname="htsr-spare-7480-WVF2" failures="0" tests="6" name="api.test.DDTests" time="5.562" errors="0" timestamp="2024-06-04T16:37:02 MST" skipped="0">
  <testcase classname="api.test.DDTests" name="testPostUser" time="0.423"/>
  <system-out/>
  <testcase classname="api.test.DDTests" name="testPostUser" time="2.523"/>
  <system-out/>
  <testcase classname="api.test.DDTests" name="testPostUser" time="0.408"/>
  <system-out/>
  <testcase classname="api.test.DDTests" name="testDeleteUser" time="0.615"/>
  <system-out/>
  <testcase classname="api.test.DDTests" name="testDeleteUser" time="0.815"/>
  <system-out/>
  <testcase classname="api.test.DDTests" name="testDeleteUser" time="0.778"/>
  <system-out/>
</testsuite> <!-- api.test.DDTests -->
