<?xml version="1.0" encoding="UTF-8"?>
<!-- Generated by org.testng.reporters.JUnitReportReporter -->
<testsuite hostname="htsr-spare-7480-WVF2" failures="0" tests="4" name="api.test.UserTests" time="2.723" errors="0" timestamp="2024-06-04T16:37:02 MST" skipped="0">
  <testcase classname="api.test.UserTests" name="testPostUser" time="0.817"/>
  <system-out/>
  <testcase classname="api.test.UserTests" name="testGetUserByName" time="0.610"/>
  <system-out/>
  <testcase classname="api.test.UserTests" name="testUpdateUserByName" time="0.850"/>
  <system-out/>
  <testcase classname="api.test.UserTests" name="testDeleteUserByName" time="0.446"/>
  <system-out/>
</testsuite> <!-- api.test.UserTests -->
